
bb_init()
    conn:
    proto_major = 7
    proto_minor = 38
    async_read = 1
    max_write = 131072
    max_readahead = 131072
    capable = 00000ffb
    want = 00000010
    max_background = 0
    congestion_threshold = 0
    context:
    fuse = acfe5110
    uid = 0
    gid = 0
    pid = 0
    private_data = acfe32a0
    logfile = acfe4c20
    rootdir = /home/maxim/work/study/os-components/lab01/fuse-tutorial-2018-02-04/example/rootdir
    umask = 00000

bb_access(path="/", mask=04)

bb_getattr(path="/.Trash", statbuf=0x9fbfeba0)
search res: -2

bb_getattr(path="/.Trash-1000", statbuf=0x9f3fdba0)
search res: -2

bb_opendir(path="/", fi=0x9fbfeb90)
    fi:
    flags = 0x00018800
    fh_old = 0x00000000
    writepage = 0
    direct_io = 0
    keep_cache = 0
    fh = 0x0000000000000000
    lock_owner = 0x0000000000000000

bb_getattr(path="/.xdg-volume-info", statbuf=0x9f3fdba0)

bb_getattr(path="/", statbuf=0x9fbfeb70)
search res: 0
search res: -2
    si:
    st_dev = 0
    st_ino = 0
    st_mode = 040000
    st_nlink = 0
    st_uid = 0
    st_gid = 0
    st_rdev = 0
    st_size = 0
    st_blksize = 0
    st_blocks = 0
    st_atime = 0x00000000
    st_mtime = 0x00000000
    st_ctime = 0x00000000

bb_getattr(path="/autorun.inf", statbuf=0x9ebfcba0)
search res: -2
    fi:
    flags = 0x00000000
    fh_old = 0x00000000
    writepage = 0
    direct_io = 0
    keep_cache = 0
    fh = 0x0000000000000000
    lock_owner = 0x0000000000000000

bb_opendir(path="/", fi=0x9ebfcb90)
    fi:
    flags = 0x00018800
    fh_old = 0x00000000
    writepage = 0
    direct_io = 0
    keep_cache = 0
    fh = 0x0000000000000000
    lock_owner = 0x0000000000000000

bb_getattr(path="/", statbuf=0x9fbfeb70)
search res: 0
    si:
    st_dev = 0
    st_ino = 0
    st_mode = 040000
    st_nlink = 0
    st_uid = 0
    st_gid = 0
    st_rdev = 0
    st_size = 0
    st_blksize = 0
    st_blocks = 0
    st_atime = 0x00000000
    st_mtime = 0x00000000
    st_ctime = 0x00000000
    fi:
    flags = 0x00000000
    fh_old = 0x00000000
    writepage = 0
    direct_io = 0
    keep_cache = 0
    fh = 0x0000000000000000
    lock_owner = 0x0000000000000000

bb_opendir(path="/", fi=0x9f3fdb90)
    fi:
    flags = 0x00018800
    fh_old = 0x00000000
    writepage = 0
    direct_io = 0
    keep_cache = 0
    fh = 0x0000000000000000
    lock_owner = 0x0000000000000000

bb_getattr(path="/", statbuf=0x9ebfcb70)
search res: 0
    si:
    st_dev = 0
    st_ino = 0
    st_mode = 040000
    st_nlink = 0
    st_uid = 0
    st_gid = 0
    st_rdev = 0
    st_size = 0
    st_blksize = 0
    st_blocks = 0
    st_atime = 0x00000000
    st_mtime = 0x00000000
    st_ctime = 0x00000000
    fi:
    flags = 0x00000000
    fh_old = 0x00000000
    writepage = 0
    direct_io = 0
    keep_cache = 0
    fh = 0x0000000000000000
    lock_owner = 0x0000000000000000

bb_opendir(path="/", fi=0x9fbfeb90)
    fi:
    flags = 0x00018800
    fh_old = 0x00000000
    writepage = 0
    direct_io = 0
    keep_cache = 0
    fh = 0x0000000000000000
    lock_owner = 0x0000000000000000

bb_getattr(path="/", statbuf=0x9f3fdb70)
search res: 0
    si:
    st_dev = 0
    st_ino = 0
    st_mode = 040000
    st_nlink = 0
    st_uid = 0
    st_gid = 0
    st_rdev = 0
    st_size = 0
    st_blksize = 0
    st_blocks = 0
    st_atime = 0x00000000
    st_mtime = 0x00000000
    st_ctime = 0x00000000
    fi:
    flags = 0x00000000
    fh_old = 0x00000000
    writepage = 0
    direct_io = 0
    keep_cache = 0
    fh = 0x0000000000000000
    lock_owner = 0x0000000000000000

bb_opendir(path="/", fi=0x9ebfcb90)
    fi:
    flags = 0x00018800
    fh_old = 0x00000000
    writepage = 0
    direct_io = 0
    keep_cache = 0
    fh = 0x0000000000000000
    lock_owner = 0x0000000000000000

bb_getattr(path="/", statbuf=0x9fbfeb70)
search res: 0
    si:
    st_dev = 0
    st_ino = 0
    st_mode = 040000
    st_nlink = 0
    st_uid = 0
    st_gid = 0
    st_rdev = 0
    st_size = 0
    st_blksize = 0
    st_blocks = 0
    st_atime = 0x00000000
    st_mtime = 0x00000000
    st_ctime = 0x00000000
    fi:
    flags = 0x00000000
    fh_old = 0x00000000
    writepage = 0
    direct_io = 0
    keep_cache = 0
    fh = 0x0000000000000000
    lock_owner = 0x0000000000000000

bb_opendir(path="/", fi=0x9f3fdb90)
    fi:
    flags = 0x00018800
    fh_old = 0x00000000
    writepage = 0
    direct_io = 0
    keep_cache = 0
    fh = 0x0000000000000000
    lock_owner = 0x0000000000000000

bb_getattr(path="/", statbuf=0x9ebfcb70)
search res: 0
    si:
    st_dev = 0
    st_ino = 0
    st_mode = 040000
    st_nlink = 0
    st_uid = 0
    st_gid = 0
    st_rdev = 0
    st_size = 0
    st_blksize = 0
    st_blocks = 0
    st_atime = 0x00000000
    st_mtime = 0x00000000
    st_ctime = 0x00000000
    fi:
    flags = 0x00000000
    fh_old = 0x00000000
    writepage = 0
    direct_io = 0
    keep_cache = 0
    fh = 0x0000000000000000
    lock_owner = 0x0000000000000000

bb_opendir(path="/", fi=0x9fbfeb90)
    fi:
    flags = 0x00018800
    fh_old = 0x00000000
    writepage = 0
    direct_io = 0
    keep_cache = 0
    fh = 0x0000000000000000
    lock_owner = 0x0000000000000000

bb_getattr(path="/", statbuf=0x9f3fdb70)
search res: 0
    si:
    st_dev = 0
    st_ino = 0
    st_mode = 040000
    st_nlink = 0
    st_uid = 0
    st_gid = 0
    st_rdev = 0
    st_size = 0
    st_blksize = 0
    st_blocks = 0
    st_atime = 0x00000000
    st_mtime = 0x00000000
    st_ctime = 0x00000000
    fi:
    flags = 0x00000000
    fh_old = 0x00000000
    writepage = 0
    direct_io = 0
    keep_cache = 0
    fh = 0x0000000000000000
    lock_owner = 0x0000000000000000

bb_opendir(path="/", fi=0x9ebfcb90)
    fi:
    flags = 0x00018800
    fh_old = 0x00000000
    writepage = 0
    direct_io = 0
    keep_cache = 0
    fh = 0x0000000000000000
    lock_owner = 0x0000000000000000

bb_getattr(path="/", statbuf=0x9fbfeb70)
search res: 0
    si:
    st_dev = 0
    st_ino = 0
    st_mode = 040000
    st_nlink = 0
    st_uid = 0
    st_gid = 0
    st_rdev = 0
    st_size = 0
    st_blksize = 0
    st_blocks = 0
    st_atime = 0x00000000
    st_mtime = 0x00000000
    st_ctime = 0x00000000
    fi:
    flags = 0x00000000
    fh_old = 0x00000000
    writepage = 0
    direct_io = 0
    keep_cache = 0
    fh = 0x0000000000000000
    lock_owner = 0x0000000000000000

bb_opendir(path="/", fi=0x9f3fdb90)
    fi:
    flags = 0x00018800
    fh_old = 0x00000000
    writepage = 0
    direct_io = 0
    keep_cache = 0
    fh = 0x0000000000000000
    lock_owner = 0x0000000000000000

bb_getattr(path="/", statbuf=0x9ebfcb70)
search res: 0
    si:
    st_dev = 0
    st_ino = 0
    st_mode = 040000
    st_nlink = 0
    st_uid = 0
    st_gid = 0
    st_rdev = 0
    st_size = 0
    st_blksize = 0
    st_blocks = 0
    st_atime = 0x00000000
    st_mtime = 0x00000000
    st_ctime = 0x00000000
    fi:
    flags = 0x00000000
    fh_old = 0x00000000
    writepage = 0
    direct_io = 0
    keep_cache = 0
    fh = 0x0000000000000000
    lock_owner = 0x0000000000000000

bb_opendir(path="/", fi=0x9fbfeb90)
    fi:
    flags = 0x00018800
    fh_old = 0x00000000
    writepage = 0
    direct_io = 0
    keep_cache = 0
    fh = 0x0000000000000000
    lock_owner = 0x0000000000000000

bb_getattr(path="/", statbuf=0x9f3fdb70)
search res: 0
    si:
    st_dev = 0
    st_ino = 0
    st_mode = 040000
    st_nlink = 0
    st_uid = 0
    st_gid = 0
    st_rdev = 0
    st_size = 0
    st_blksize = 0
    st_blocks = 0
    st_atime = 0x00000000
    st_mtime = 0x00000000
    st_ctime = 0x00000000
    fi:
    flags = 0x00000000
    fh_old = 0x00000000
    writepage = 0
    direct_io = 0
    keep_cache = 0
    fh = 0x0000000000000000
    lock_owner = 0x0000000000000000

bb_opendir(path="/", fi=0x9ebfcb90)
    fi:
    flags = 0x00018800
    fh_old = 0x00000000
    writepage = 0
    direct_io = 0
    keep_cache = 0
    fh = 0x0000000000000000
    lock_owner = 0x0000000000000000

bb_getattr(path="/", statbuf=0x9fbfeb70)
search res: 0
    si:
    st_dev = 0
    st_ino = 0
    st_mode = 040000
    st_nlink = 0
    st_uid = 0
    st_gid = 0
    st_rdev = 0
    st_size = 0
    st_blksize = 0
    st_blocks = 0
    st_atime = 0x00000000
    st_mtime = 0x00000000
    st_ctime = 0x00000000
    fi:
    flags = 0x00000000
    fh_old = 0x00000000
    writepage = 0
    direct_io = 0
    keep_cache = 0
    fh = 0x0000000000000000
    lock_owner = 0x0000000000000000

bb_opendir(path="/", fi=0x9f3fdb90)
    fi:
    flags = 0x00018800
    fh_old = 0x00000000
    writepage = 0
    direct_io = 0
    keep_cache = 0
    fh = 0x0000000000000000
    lock_owner = 0x0000000000000000

bb_getattr(path="/", statbuf=0x9ebfcb70)
search res: 0
    si:
    st_dev = 0
    st_ino = 0
    st_mode = 040000
    st_nlink = 0
    st_uid = 0
    st_gid = 0
    st_rdev = 0
    st_size = 0
    st_blksize = 0
    st_blocks = 0
    st_atime = 0x00000000
    st_mtime = 0x00000000
    st_ctime = 0x00000000
    fi:
    flags = 0x00000000
    fh_old = 0x00000000
    writepage = 0
    direct_io = 0
    keep_cache = 0
    fh = 0x0000000000000000
    lock_owner = 0x0000000000000000

bb_opendir(path="/", fi=0x9fbfeb90)
    fi:
    flags = 0x00018800
    fh_old = 0x00000000
    writepage = 0
    direct_io = 0
    keep_cache = 0
    fh = 0x0000000000000000
    lock_owner = 0x0000000000000000

bb_getattr(path="/", statbuf=0x9f3fdb70)
search res: 0
    si:
    st_dev = 0
    st_ino = 0
    st_mode = 040000
    st_nlink = 0
    st_uid = 0
    st_gid = 0
    st_rdev = 0
    st_size = 0
    st_blksize = 0
    st_blocks = 0
    st_atime = 0x00000000
    st_mtime = 0x00000000
    st_ctime = 0x00000000
    fi:
    flags = 0x00000000
    fh_old = 0x00000000
    writepage = 0
    direct_io = 0
    keep_cache = 0
    fh = 0x0000000000000000
    lock_owner = 0x0000000000000000

bb_opendir(path="/", fi=0x9ebfcb90)
    fi:
    flags = 0x00018800
    fh_old = 0x00000000
    writepage = 0
    direct_io = 0
    keep_cache = 0
    fh = 0x0000000000000000
    lock_owner = 0x0000000000000000

bb_getattr(path="/", statbuf=0x9fbfeb70)
search res: 0
    si:
    st_dev = 0
    st_ino = 0
    st_mode = 040000
    st_nlink = 0
    st_uid = 0
    st_gid = 0
    st_rdev = 0
    st_size = 0
    st_blksize = 0
    st_blocks = 0
    st_atime = 0x00000000
    st_mtime = 0x00000000
    st_ctime = 0x00000000
    fi:
    flags = 0x00000000
    fh_old = 0x00000000
    writepage = 0
    direct_io = 0
    keep_cache = 0
    fh = 0x0000000000000000
    lock_owner = 0x0000000000000000

bb_opendir(path="/", fi=0x9fbfeb90)
    fi:
    flags = 0x00018800
    fh_old = 0x00000000
    writepage = 0
    direct_io = 0
    keep_cache = 0
    fh = 0x0000000000000000
    lock_owner = 0x0000000000000000

bb_getattr(path="/", statbuf=0x9ebfcb70)
search res: 0
    si:
    st_dev = 0
    st_ino = 0
    st_mode = 040000
    st_nlink = 0
    st_uid = 0
    st_gid = 0
    st_rdev = 0
    st_size = 0
    st_blksize = 0
    st_blocks = 0
    st_atime = 0x00000000
    st_mtime = 0x00000000
    st_ctime = 0x00000000
    fi:
    flags = 0x00000000
    fh_old = 0x00000000
    writepage = 0
    direct_io = 0
    keep_cache = 0
    fh = 0x0000000000000000
    lock_owner = 0x0000000000000000

bb_opendir(path="/", fi=0x9ebfcb90)
    fi:
    flags = 0x00018800
    fh_old = 0x00000000
    writepage = 0
    direct_io = 0
    keep_cache = 0
    fh = 0x0000000000000000
    lock_owner = 0x0000000000000000

bb_getattr(path="/", statbuf=0x9fbfeb70)
search res: 0
    si:
    st_dev = 0
    st_ino = 0
    st_mode = 040000
    st_nlink = 0
    st_uid = 0
    st_gid = 0
    st_rdev = 0
    st_size = 0
    st_blksize = 0
    st_blocks = 0
    st_atime = 0x00000000
    st_mtime = 0x00000000
    st_ctime = 0x00000000
    fi:
    flags = 0x00000000
    fh_old = 0x00000000
    writepage = 0
    direct_io = 0
    keep_cache = 0
    fh = 0x0000000000000000
    lock_owner = 0x0000000000000000

bb_opendir(path="/", fi=0x9f3fdb90)
    fi:
    flags = 0x00018800
    fh_old = 0x00000000
    writepage = 0
    direct_io = 0
    keep_cache = 0
    fh = 0x0000000000000000
    lock_owner = 0x0000000000000000

bb_getattr(path="/", statbuf=0x9ebfcb70)
search res: 0
    si:
    st_dev = 0
    st_ino = 0
    st_mode = 040000
    st_nlink = 0
    st_uid = 0
    st_gid = 0
    st_rdev = 0
    st_size = 0
    st_blksize = 0
    st_blocks = 0
    st_atime = 0x00000000
    st_mtime = 0x00000000
    st_ctime = 0x00000000
    fi:
    flags = 0x00000000
    fh_old = 0x00000000
    writepage = 0
    direct_io = 0
    keep_cache = 0
    fh = 0x0000000000000000
    lock_owner = 0x0000000000000000

bb_opendir(path="/", fi=0x9ebfcb90)
    fi:
    flags = 0x00018800
    fh_old = 0x00000000
    writepage = 0
    direct_io = 0
    keep_cache = 0
    fh = 0x0000000000000000
    lock_owner = 0x0000000000000000

bb_getattr(path="/", statbuf=0x9f3fdb70)
search res: 0
    si:
    st_dev = 0
    st_ino = 0
    st_mode = 040000
    st_nlink = 0
    st_uid = 0
    st_gid = 0
    st_rdev = 0
    st_size = 0
    st_blksize = 0
    st_blocks = 0
    st_atime = 0x00000000
    st_mtime = 0x00000000
    st_ctime = 0x00000000
    fi:
    flags = 0x00000000
    fh_old = 0x00000000
    writepage = 0
    direct_io = 0
    keep_cache = 0
    fh = 0x0000000000000000
    lock_owner = 0x0000000000000000

bb_opendir(path="/", fi=0x9f3fdb90)
    fi:
    flags = 0x00018800
    fh_old = 0x00000000
    writepage = 0
    direct_io = 0
    keep_cache = 0
    fh = 0x0000000000000000
    lock_owner = 0x0000000000000000

bb_getattr(path="/", statbuf=0x9ebfcb70)
search res: 0
    si:
    st_dev = 0
    st_ino = 0
    st_mode = 040000
    st_nlink = 0
    st_uid = 0
    st_gid = 0
    st_rdev = 0
    st_size = 0
    st_blksize = 0
    st_blocks = 0
    st_atime = 0x00000000
    st_mtime = 0x00000000
    st_ctime = 0x00000000
    fi:
    flags = 0x00000000
    fh_old = 0x00000000
    writepage = 0
    direct_io = 0
    keep_cache = 0
    fh = 0x0000000000000000
    lock_owner = 0x0000000000000000

bb_opendir(path="/", fi=0x9ebfcb90)
    fi:
    flags = 0x00018800
    fh_old = 0x00000000
    writepage = 0
    direct_io = 0
    keep_cache = 0
    fh = 0x0000000000000000
    lock_owner = 0x0000000000000000

bb_getattr(path="/", statbuf=0x9f3fdb70)
search res: 0
    si:
    st_dev = 0
    st_ino = 0
    st_mode = 040000
    st_nlink = 0
    st_uid = 0
    st_gid = 0
    st_rdev = 0
    st_size = 0
    st_blksize = 0
    st_blocks = 0
    st_atime = 0x00000000
    st_mtime = 0x00000000
    st_ctime = 0x00000000
    fi:
    flags = 0x00000000
    fh_old = 0x00000000
    writepage = 0
    direct_io = 0
    keep_cache = 0
    fh = 0x0000000000000000
    lock_owner = 0x0000000000000000

bb_opendir(path="/", fi=0x9fbfeb90)
    fi:
    flags = 0x00018800
    fh_old = 0x00000000
    writepage = 0
    direct_io = 0
    keep_cache = 0
    fh = 0x0000000000000000
    lock_owner = 0x0000000000000000

bb_getattr(path="/", statbuf=0x9ebfcb70)
search res: 0
    si:
    st_dev = 0
    st_ino = 0
    st_mode = 040000
    st_nlink = 0
    st_uid = 0
    st_gid = 0
    st_rdev = 0
    st_size = 0
    st_blksize = 0
    st_blocks = 0
    st_atime = 0x00000000
    st_mtime = 0x00000000
    st_ctime = 0x00000000
    fi:
    flags = 0x00000000
    fh_old = 0x00000000
    writepage = 0
    direct_io = 0
    keep_cache = 0
    fh = 0x0000000000000000
    lock_owner = 0x0000000000000000

bb_opendir(path="/", fi=0x9f3fdb90)
    fi:
    flags = 0x00018800
    fh_old = 0x00000000
    writepage = 0
    direct_io = 0
    keep_cache = 0
    fh = 0x0000000000000000
    lock_owner = 0x0000000000000000

bb_getattr(path="/", statbuf=0x9fbfeb70)
search res: 0
    si:
    st_dev = 0
    st_ino = 0
    st_mode = 040000
    st_nlink = 0
    st_uid = 0
    st_gid = 0
    st_rdev = 0
    st_size = 0
    st_blksize = 0
    st_blocks = 0
    st_atime = 0x00000000
    st_mtime = 0x00000000
    st_ctime = 0x00000000
    fi:
    flags = 0x00000000
    fh_old = 0x00000000
    writepage = 0
    direct_io = 0
    keep_cache = 0
    fh = 0x0000000000000000
    lock_owner = 0x0000000000000000

bb_opendir(path="/", fi=0x9ebfcb90)
    fi:
    flags = 0x00018800
    fh_old = 0x00000000
    writepage = 0
    direct_io = 0
    keep_cache = 0
    fh = 0x0000000000000000
    lock_owner = 0x0000000000000000

bb_getattr(path="/", statbuf=0x9f3fdb70)
search res: 0
    si:
    st_dev = 0
    st_ino = 0
    st_mode = 040000
    st_nlink = 0
    st_uid = 0
    st_gid = 0
    st_rdev = 0
    st_size = 0
    st_blksize = 0
    st_blocks = 0
    st_atime = 0x00000000
    st_mtime = 0x00000000
    st_ctime = 0x00000000
    fi:
    flags = 0x00000000
    fh_old = 0x00000000
    writepage = 0
    direct_io = 0
    keep_cache = 0
    fh = 0x0000000000000000
    lock_owner = 0x0000000000000000

bb_opendir(path="/", fi=0x9fbfeb90)
    fi:
    flags = 0x00018800
    fh_old = 0x00000000
    writepage = 0
    direct_io = 0
    keep_cache = 0
    fh = 0x0000000000000000
    lock_owner = 0x0000000000000000

bb_getattr(path="/", statbuf=0x9ebfcb70)
search res: 0
    si:
    st_dev = 0
    st_ino = 0
    st_mode = 040000
    st_nlink = 0
    st_uid = 0
    st_gid = 0
    st_rdev = 0
    st_size = 0
    st_blksize = 0
    st_blocks = 0
    st_atime = 0x00000000
    st_mtime = 0x00000000
    st_ctime = 0x00000000
    fi:
    flags = 0x00000000
    fh_old = 0x00000000
    writepage = 0
    direct_io = 0
    keep_cache = 0
    fh = 0x0000000000000000
    lock_owner = 0x0000000000000000

bb_opendir(path="/", fi=0x9f3fdb90)
    fi:
    flags = 0x00018800
    fh_old = 0x00000000
    writepage = 0
    direct_io = 0
    keep_cache = 0
    fh = 0x0000000000000000
    lock_owner = 0x0000000000000000

bb_getattr(path="/", statbuf=0x9fbfeb70)
search res: 0
    si:
    st_dev = 0
    st_ino = 0
    st_mode = 040000
    st_nlink = 0
    st_uid = 0
    st_gid = 0
    st_rdev = 0
    st_size = 0
    st_blksize = 0
    st_blocks = 0
    st_atime = 0x00000000
    st_mtime = 0x00000000
    st_ctime = 0x00000000
    fi:
    flags = 0x00000000
    fh_old = 0x00000000
    writepage = 0
    direct_io = 0
    keep_cache = 0
    fh = 0x0000000000000000
    lock_owner = 0x0000000000000000

bb_opendir(path="/", fi=0x9ebfcb90)
    fi:
    flags = 0x00018800
    fh_old = 0x00000000
    writepage = 0
    direct_io = 0
    keep_cache = 0
    fh = 0x0000000000000000
    lock_owner = 0x0000000000000000

bb_getattr(path="/", statbuf=0x9f3fdb70)
search res: 0
    si:
    st_dev = 0
    st_ino = 0
    st_mode = 040000
    st_nlink = 0
    st_uid = 0
    st_gid = 0
    st_rdev = 0
    st_size = 0
    st_blksize = 0
    st_blocks = 0
    st_atime = 0x00000000
    st_mtime = 0x00000000
    st_ctime = 0x00000000
    fi:
    flags = 0x00000000
    fh_old = 0x00000000
    writepage = 0
    direct_io = 0
    keep_cache = 0
    fh = 0x0000000000000000
    lock_owner = 0x0000000000000000

bb_getattr(path="/autorun.inf", statbuf=0x9fbfeba0)
search res: -2

bb_getattr(path="/", statbuf=0x9ebfcb70)
search res: 0
    si:
    st_dev = 0
    st_ino = 0
    st_mode = 040000
    st_nlink = 0
    st_uid = 0
    st_gid = 0
    st_rdev = 0
    st_size = 0
    st_blksize = 0
    st_blocks = 0
    st_atime = 0x00000000
    st_mtime = 0x00000000
    st_ctime = 0x00000000

bb_access(path="/", mask=01)

bb_opendir(path="/", fi=0x9fbfeb90)
    fi:
    flags = 0x00018800
    fh_old = 0x00000000
    writepage = 0
    direct_io = 0
    keep_cache = 0
    fh = 0x0000000000000000
    lock_owner = 0x0000000000000000
    fi:
    flags = 0x00000000
    fh_old = 0x00000000
    writepage = 0
    direct_io = 0
    keep_cache = 0
    fh = 0x0000000000000000
    lock_owner = 0x0000000000000000

bb_getattr(path="/a", statbuf=0x9ebfcba0)
search res: -2
file not exist /a
inode: 0
length: 2
a
1
a
length: 3
chld inode: 0, chld name: .
chld inode: 0, chld name: ..
chld inode: 1, chld name: a

bb_getattr(path="/a", statbuf=0x9f3fdba0)
search res: 0
    si:
    st_dev = 0
    st_ino = 1
    st_mode = 040000
    st_nlink = 0
    st_uid = 0
    st_gid = 0
    st_rdev = 0
    st_size = 0
    st_blksize = 0
    st_blocks = 0
    st_atime = 0x00000000
    st_mtime = 0x00000000
    st_ctime = 0x00000000

bb_getattr(path="/b", statbuf=0x9fbfeba0)
search res: -2
file not exist /b
inode: 0
length: 3
b
1
b
length: 4
chld inode: 0, chld name: .
chld inode: 0, chld name: ..
chld inode: 1, chld name: a
chld inode: 2, chld name: b

bb_getattr(path="/b", statbuf=0x9ebfcba0)
search res: 0
    si:
    st_dev = 0
    st_ino = 2
    st_mode = 040000
    st_nlink = 0
    st_uid = 0
    st_gid = 0
    st_rdev = 0
    st_size = 0
    st_blksize = 0
    st_blocks = 0
    st_atime = 0x00000000
    st_mtime = 0x00000000
    st_ctime = 0x00000000

bb_opendir(path="/", fi=0x9f3fdb90)
    fi:
    flags = 0x00018800
    fh_old = 0x00000000
    writepage = 0
    direct_io = 0
    keep_cache = 0
    fh = 0x0000000000000000
    lock_owner = 0x0000000000000000

bb_getattr(path="/", statbuf=0x9fbfeb70)
search res: 0
    si:
    st_dev = 0
    st_ino = 0
    st_mode = 040000
    st_nlink = 0
    st_uid = 0
    st_gid = 0
    st_rdev = 0
    st_size = 0
    st_blksize = 0
    st_blocks = 0
    st_atime = 0x00000000
    st_mtime = 0x00000000
    st_ctime = 0x00000000
    fi:
    flags = 0x00000000
    fh_old = 0x00000000
    writepage = 0
    direct_io = 0
    keep_cache = 0
    fh = 0x0000000000000000
    lock_owner = 0x0000000000000000

bb_getattr(path="/a", statbuf=0x9f3fdba0)
search res: 0
    si:
    st_dev = 0
    st_ino = 1
    st_mode = 040000
    st_nlink = 0
    st_uid = 0
    st_gid = 0
    st_rdev = 0
    st_size = 0
    st_blksize = 0
    st_blocks = 0
    st_atime = 0x00000000
    st_mtime = 0x00000000
    st_ctime = 0x00000000

bb_getattr(path="/", statbuf=0x9f3fdb70)
search res: 0
    si:
    st_dev = 0
    st_ino = 0
    st_mode = 040000
    st_nlink = 0
    st_uid = 0
    st_gid = 0
    st_rdev = 0
    st_size = 0
    st_blksize = 0
    st_blocks = 0
    st_atime = 0x00000000
    st_mtime = 0x00000000
    st_ctime = 0x00000000

bb_getattr(path="/a", statbuf=0x9fbfeba0)
search res: 0
    si:
    st_dev = 0
    st_ino = 1
    st_mode = 040000
    st_nlink = 0
    st_uid = 0
    st_gid = 0
    st_rdev = 0
    st_size = 0
    st_blksize = 0
    st_blocks = 0
    st_atime = 0x00000000
    st_mtime = 0x00000000
    st_ctime = 0x00000000

bb_access(path="/a", mask=01)

bb_opendir(path="/a", fi=0x9f3fdb90)
    fi:
    flags = 0x00018800
    fh_old = 0x00000000
    writepage = 0
    direct_io = 0
    keep_cache = 0
    fh = 0x0000000000000001
    lock_owner = 0x0000000000000000
    fi:
    flags = 0x00000000
    fh_old = 0x00000001
    writepage = 0
    direct_io = 0
    keep_cache = 0
    fh = 0x0000000000000001
    lock_owner = 0x0000000000000000

bb_getattr(path="/a/b", statbuf=0x9f3fdba0)
search res: -2
file not exist /a/b
inode: 1
length: 0
b
1
b
length: 1
chld inode: 3, chld name: b

bb_getattr(path="/a/b", statbuf=0x9fbfeba0)
search res: 0
    si:
    st_dev = 0
    st_ino = 3
    st_mode = 040000
    st_nlink = 0
    st_uid = 0
    st_gid = 0
    st_rdev = 0
    st_size = 0
    st_blksize = 0
    st_blocks = 0
    st_atime = 0x00000000
    st_mtime = 0x00000000
    st_ctime = 0x00000000

bb_opendir(path="/a", fi=0x9ebfcb90)
    fi:
    flags = 0x00018800
    fh_old = 0x00000000
    writepage = 0
    direct_io = 0
    keep_cache = 0
    fh = 0x0000000000000001
    lock_owner = 0x0000000000000000

bb_getattr(path="/a", statbuf=0x9f3fdb70)
search res: 0
    si:
    st_dev = 0
    st_ino = 1
    st_mode = 040000
    st_nlink = 0
    st_uid = 0
    st_gid = 0
    st_rdev = 0
    st_size = 0
    st_blksize = 0
    st_blocks = 0
    st_atime = 0x00000000
    st_mtime = 0x00000000
    st_ctime = 0x00000000
    fi:
    flags = 0x00000000
    fh_old = 0x00000001
    writepage = 0
    direct_io = 0
    keep_cache = 0
    fh = 0x0000000000000001
    lock_owner = 0x0000000000000000

bb_getattr(path="/", statbuf=0x9fbfeb70)
search res: 0
    si:
    st_dev = 0
    st_ino = 0
    st_mode = 040000
    st_nlink = 0
    st_uid = 0
    st_gid = 0
    st_rdev = 0
    st_size = 0
    st_blksize = 0
    st_blocks = 0
    st_atime = 0x00000000
    st_mtime = 0x00000000
    st_ctime = 0x00000000

bb_getattr(path="/a", statbuf=0x9ebfcba0)
search res: 0
    si:
    st_dev = 0
    st_ino = 1
    st_mode = 040000
    st_nlink = 0
    st_uid = 0
    st_gid = 0
    st_rdev = 0
    st_size = 0
    st_blksize = 0
    st_blocks = 0
    st_atime = 0x00000000
    st_mtime = 0x00000000
    st_ctime = 0x00000000

bb_access(path="/", mask=01)

bb_opendir(path="/", fi=0x9fbfeb90)
    fi:
    flags = 0x00018800
    fh_old = 0x00000000
    writepage = 0
    direct_io = 0
    keep_cache = 0
    fh = 0x0000000000000000
    lock_owner = 0x0000000000000000
    fi:
    flags = 0x00000000
    fh_old = 0x00000000
    writepage = 0
    direct_io = 0
    keep_cache = 0
    fh = 0x0000000000000000
    lock_owner = 0x0000000000000000

bb_getattr(path="/b", statbuf=0x9f3fdba0)
search res: 0
    si:
    st_dev = 0
    st_ino = 2
    st_mode = 040000
    st_nlink = 0
    st_uid = 0
    st_gid = 0
    st_rdev = 0
    st_size = 0
    st_blksize = 0
    st_blocks = 0
    st_atime = 0x00000000
    st_mtime = 0x00000000
    st_ctime = 0x00000000

bb_getattr(path="/", statbuf=0x9f3fdb70)
search res: 0
    si:
    st_dev = 0
    st_ino = 0
    st_mode = 040000
    st_nlink = 0
    st_uid = 0
    st_gid = 0
    st_rdev = 0
    st_size = 0
    st_blksize = 0
    st_blocks = 0
    st_atime = 0x00000000
    st_mtime = 0x00000000
    st_ctime = 0x00000000

bb_getattr(path="/b", statbuf=0x9fbfeba0)
search res: 0
    si:
    st_dev = 0
    st_ino = 2
    st_mode = 040000
    st_nlink = 0
    st_uid = 0
    st_gid = 0
    st_rdev = 0
    st_size = 0
    st_blksize = 0
    st_blocks = 0
    st_atime = 0x00000000
    st_mtime = 0x00000000
    st_ctime = 0x00000000

bb_access(path="/b", mask=01)

bb_opendir(path="/b", fi=0x9f3fdb90)
    fi:
    flags = 0x00018800
    fh_old = 0x00000000
    writepage = 0
    direct_io = 0
    keep_cache = 0
    fh = 0x0000000000000002
    lock_owner = 0x0000000000000000
    fi:
    flags = 0x00000000
    fh_old = 0x00000002
    writepage = 0
    direct_io = 0
    keep_cache = 0
    fh = 0x0000000000000002
    lock_owner = 0x0000000000000000

bb_getattr(path="/a.txt", statbuf=0x9f3fdba0)
search res: -2

bb_getattr(path="/.git", statbuf=0x9fbfeba0)
search res: -2

bb_getattr(path="/.git", statbuf=0x9ebfcba0)
search res: -2

bb_opendir(path="/", fi=0x9f3fdb90)
    fi:
    flags = 0x00018800
    fh_old = 0x00000000
    writepage = 0
    direct_io = 0
    keep_cache = 0
    fh = 0x0000000000000000
    lock_owner = 0x0000000000000000

bb_getattr(path="/", statbuf=0x9fbfeb70)
search res: 0
    si:
    st_dev = 0
    st_ino = 0
    st_mode = 040000
    st_nlink = 0
    st_uid = 0
    st_gid = 0
    st_rdev = 0
    st_size = 0
    st_blksize = 0
    st_blocks = 0
    st_atime = 0x00000000
    st_mtime = 0x00000000
    st_ctime = 0x00000000
    fi:
    flags = 0x00000000
    fh_old = 0x00000000
    writepage = 0
    direct_io = 0
    keep_cache = 0
    fh = 0x0000000000000000
    lock_owner = 0x0000000000000000

bb_getattr(path="/a", statbuf=0x9f3fdba0)
search res: 0
    si:
    st_dev = 0
    st_ino = 1
    st_mode = 040000
    st_nlink = 0
    st_uid = 0
    st_gid = 0
    st_rdev = 0
    st_size = 0
    st_blksize = 0
    st_blocks = 0
    st_atime = 0x00000000
    st_mtime = 0x00000000
    st_ctime = 0x00000000

bb_getattr(path="/.gitignore", statbuf=0x9fbfeba0)
search res: -2

bb_getattr(path="/a/.git", statbuf=0x9ebfcba0)
search res: -2

bb_getattr(path="/a/.git", statbuf=0x9f3fdba0)
search res: -2

bb_opendir(path="/a", fi=0x9fbfeb90)
    fi:
    flags = 0x00018800
    fh_old = 0x00000000
    writepage = 0
    direct_io = 0
    keep_cache = 0
    fh = 0x0000000000000001
    lock_owner = 0x0000000000000000
    fi:
    flags = 0x00000000
    fh_old = 0x00000001
    writepage = 0
    direct_io = 0
    keep_cache = 0
    fh = 0x0000000000000001
    lock_owner = 0x0000000000000000

bb_getattr(path="/a/b", statbuf=0x9f3fdba0)
search res: 0
    si:
    st_dev = 0
    st_ino = 3
    st_mode = 040000
    st_nlink = 0
    st_uid = 0
    st_gid = 0
    st_rdev = 0
    st_size = 0
    st_blksize = 0
    st_blocks = 0
    st_atime = 0x00000000
    st_mtime = 0x00000000
    st_ctime = 0x00000000

bb_getattr(path="/a/.gitignore", statbuf=0x9fbfeba0)
search res: -2

bb_getattr(path="/a/b/.git", statbuf=0x9ebfcba0)
search res: -2

bb_getattr(path="/a/b/.git", statbuf=0x9f3fdba0)
search res: -2

bb_opendir(path="/a/b", fi=0x9fbfeb90)
    fi:
    flags = 0x00018800
    fh_old = 0x00000000
    writepage = 0
    direct_io = 0
    keep_cache = 0
    fh = 0x0000000000000003
    lock_owner = 0x0000000000000000
    fi:
    flags = 0x00000000
    fh_old = 0x00000003
    writepage = 0
    direct_io = 0
    keep_cache = 0
    fh = 0x0000000000000003
    lock_owner = 0x0000000000000000

bb_getattr(path="/b", statbuf=0x9ebfcba0)
search res: 0
    si:
    st_dev = 0
    st_ino = 2
    st_mode = 040000
    st_nlink = 0
    st_uid = 0
    st_gid = 0
    st_rdev = 0
    st_size = 0
    st_blksize = 0
    st_blocks = 0
    st_atime = 0x00000000
    st_mtime = 0x00000000
    st_ctime = 0x00000000

bb_getattr(path="/b/.git", statbuf=0x9fbfeba0)
search res: -2

bb_getattr(path="/b/.git", statbuf=0x9f3fdba0)
search res: -2

bb_opendir(path="/b", fi=0x9ebfcb90)
    fi:
    flags = 0x00018800
    fh_old = 0x00000000
    writepage = 0
    direct_io = 0
    keep_cache = 0
    fh = 0x0000000000000002
    lock_owner = 0x0000000000000000
    fi:
    flags = 0x00000000
    fh_old = 0x00000002
    writepage = 0
    direct_io = 0
    keep_cache = 0
    fh = 0x0000000000000002
    lock_owner = 0x0000000000000000

bb_getattr(path="/.git", statbuf=0x9ebfcba0)
search res: -2

bb_getattr(path="/.git", statbuf=0x9f3fdba0)
search res: -2

bb_opendir(path="/", fi=0x9fbfeb90)
    fi:
    flags = 0x00018800
    fh_old = 0x00000000
    writepage = 0
    direct_io = 0
    keep_cache = 0
    fh = 0x0000000000000000
    lock_owner = 0x0000000000000000

bb_getattr(path="/", statbuf=0x9ebfcb70)
search res: 0
    si:
    st_dev = 0
    st_ino = 0
    st_mode = 040000
    st_nlink = 0
    st_uid = 0
    st_gid = 0
    st_rdev = 0
    st_size = 0
    st_blksize = 0
    st_blocks = 0
    st_atime = 0x00000000
    st_mtime = 0x00000000
    st_ctime = 0x00000000
    fi:
    flags = 0x00000000
    fh_old = 0x00000000
    writepage = 0
    direct_io = 0
    keep_cache = 0
    fh = 0x0000000000000000
    lock_owner = 0x0000000000000000

bb_getattr(path="/a", statbuf=0x9fbfeb70)
search res: 0
    si:
    st_dev = 0
    st_ino = 1
    st_mode = 040000
    st_nlink = 0
    st_uid = 0
    st_gid = 0
    st_rdev = 0
    st_size = 0
    st_blksize = 0
    st_blocks = 0
    st_atime = 0x00000000
    st_mtime = 0x00000000
    st_ctime = 0x00000000

bb_getattr(path="/.gitignore", statbuf=0x9ebfcba0)
search res: -2

bb_getattr(path="/a/.git", statbuf=0x9f3fdba0)
search res: -2

bb_getattr(path="/a/.git", statbuf=0x9fbfeba0)
search res: -2

bb_opendir(path="/a", fi=0x9ebfcb90)
    fi:
    flags = 0x00018800
    fh_old = 0x00000000
    writepage = 0
    direct_io = 0
    keep_cache = 0
    fh = 0x0000000000000001
    lock_owner = 0x0000000000000000
    fi:
    flags = 0x00000000
    fh_old = 0x00000001
    writepage = 0
    direct_io = 0
    keep_cache = 0
    fh = 0x0000000000000001
    lock_owner = 0x0000000000000000

bb_getattr(path="/a/b", statbuf=0x9fbfeb70)
search res: 0
    si:
    st_dev = 0
    st_ino = 3
    st_mode = 040000
    st_nlink = 0
    st_uid = 0
    st_gid = 0
    st_rdev = 0
    st_size = 0
    st_blksize = 0
    st_blocks = 0
    st_atime = 0x00000000
    st_mtime = 0x00000000
    st_ctime = 0x00000000

bb_getattr(path="/a/.gitignore", statbuf=0x9ebfcba0)
search res: -2

bb_getattr(path="/a/b/.git", statbuf=0x9f3fdba0)
search res: -2

bb_getattr(path="/a/b/.git", statbuf=0x9fbfeba0)
search res: -2

bb_opendir(path="/a/b", fi=0x9ebfcb90)
    fi:
    flags = 0x00018800
    fh_old = 0x00000000
    writepage = 0
    direct_io = 0
    keep_cache = 0
    fh = 0x0000000000000003
    lock_owner = 0x0000000000000000
    fi:
    flags = 0x00000000
    fh_old = 0x00000003
    writepage = 0
    direct_io = 0
    keep_cache = 0
    fh = 0x0000000000000003
    lock_owner = 0x0000000000000000

bb_getattr(path="/b", statbuf=0x9f3fdb70)
search res: 0
    si:
    st_dev = 0
    st_ino = 2
    st_mode = 040000
    st_nlink = 0
    st_uid = 0
    st_gid = 0
    st_rdev = 0
    st_size = 0
    st_blksize = 0
    st_blocks = 0
    st_atime = 0x00000000
    st_mtime = 0x00000000
    st_ctime = 0x00000000

bb_getattr(path="/b/.git", statbuf=0x9ebfcba0)
search res: -2

bb_getattr(path="/b/.git", statbuf=0x9fbfeba0)
search res: -2

bb_opendir(path="/b", fi=0x9f3fdb90)
    fi:
    flags = 0x00018800
    fh_old = 0x00000000
    writepage = 0
    direct_io = 0
    keep_cache = 0
    fh = 0x0000000000000002
    lock_owner = 0x0000000000000000
    fi:
    flags = 0x00000000
    fh_old = 0x00000002
    writepage = 0
    direct_io = 0
    keep_cache = 0
    fh = 0x0000000000000002
    lock_owner = 0x0000000000000000

bb_getattr(path="/.git", statbuf=0x9fbfeba0)
search res: -2

bb_getattr(path="/.git", statbuf=0x9f3fdba0)
search res: -2

bb_opendir(path="/", fi=0x9ebfcb90)
    fi:
    flags = 0x00018800
    fh_old = 0x00000000
    writepage = 0
    direct_io = 0
    keep_cache = 0
    fh = 0x0000000000000000
    lock_owner = 0x0000000000000000

bb_getattr(path="/", statbuf=0x9fbfeb70)
search res: 0
    si:
    st_dev = 0
    st_ino = 0
    st_mode = 040000
    st_nlink = 0
    st_uid = 0
    st_gid = 0
    st_rdev = 0
    st_size = 0
    st_blksize = 0
    st_blocks = 0
    st_atime = 0x00000000
    st_mtime = 0x00000000
    st_ctime = 0x00000000
    fi:
    flags = 0x00000000
    fh_old = 0x00000000
    writepage = 0
    direct_io = 0
    keep_cache = 0
    fh = 0x0000000000000000
    lock_owner = 0x0000000000000000

bb_getattr(path="/a", statbuf=0x9ebfcba0)
search res: 0
    si:
    st_dev = 0
    st_ino = 1
    st_mode = 040000
    st_nlink = 0
    st_uid = 0
    st_gid = 0
    st_rdev = 0
    st_size = 0
    st_blksize = 0
    st_blocks = 0
    st_atime = 0x00000000
    st_mtime = 0x00000000
    st_ctime = 0x00000000

bb_getattr(path="/.gitignore", statbuf=0x9fbfeba0)
search res: -2

bb_getattr(path="/a/.git", statbuf=0x9f3fdba0)
search res: -2

bb_getattr(path="/a/.git", statbuf=0x9ebfcba0)
search res: -2

bb_opendir(path="/a", fi=0x9fbfeb90)
    fi:
    flags = 0x00018800
    fh_old = 0x00000000
    writepage = 0
    direct_io = 0
    keep_cache = 0
    fh = 0x0000000000000001
    lock_owner = 0x0000000000000000
    fi:
    flags = 0x00000000
    fh_old = 0x00000001
    writepage = 0
    direct_io = 0
    keep_cache = 0
    fh = 0x0000000000000001
    lock_owner = 0x0000000000000000

bb_getattr(path="/a/b", statbuf=0x9ebfcba0)
search res: 0
    si:
    st_dev = 0
    st_ino = 3
    st_mode = 040000
    st_nlink = 0
    st_uid = 0
    st_gid = 0
    st_rdev = 0
    st_size = 0
    st_blksize = 0
    st_blocks = 0
    st_atime = 0x00000000
    st_mtime = 0x00000000
    st_ctime = 0x00000000

bb_getattr(path="/a/.gitignore", statbuf=0x9fbfeba0)
search res: -2

bb_getattr(path="/a/b/.git", statbuf=0x9f3fdba0)
search res: -2

bb_getattr(path="/a/b/.git", statbuf=0x9ebfcba0)
search res: -2

bb_opendir(path="/a/b", fi=0x9fbfeb90)
    fi:
    flags = 0x00018800
    fh_old = 0x00000000
    writepage = 0
    direct_io = 0
    keep_cache = 0
    fh = 0x0000000000000003
    lock_owner = 0x0000000000000000
    fi:
    flags = 0x00000000
    fh_old = 0x00000003
    writepage = 0
    direct_io = 0
    keep_cache = 0
    fh = 0x0000000000000003
    lock_owner = 0x0000000000000000

bb_getattr(path="/b", statbuf=0x9fbfeba0)
search res: 0
    si:
    st_dev = 0
    st_ino = 2
    st_mode = 040000
    st_nlink = 0
    st_uid = 0
    st_gid = 0
    st_rdev = 0
    st_size = 0
    st_blksize = 0
    st_blocks = 0
    st_atime = 0x00000000
    st_mtime = 0x00000000
    st_ctime = 0x00000000

bb_getattr(path="/b/.git", statbuf=0x9ebfcba0)
search res: -2

bb_getattr(path="/b/.git", statbuf=0x9f3fdba0)
search res: -2

bb_opendir(path="/b", fi=0x9fbfeb90)
    fi:
    flags = 0x00018800
    fh_old = 0x00000000
    writepage = 0
    direct_io = 0
    keep_cache = 0
    fh = 0x0000000000000002
    lock_owner = 0x0000000000000000
    fi:
    flags = 0x00000000
    fh_old = 0x00000002
    writepage = 0
    direct_io = 0
    keep_cache = 0
    fh = 0x0000000000000002
    lock_owner = 0x0000000000000000

bb_getattr(path="/.git", statbuf=0x9f3fdba0)
search res: -2

bb_getattr(path="/.git", statbuf=0x9fbfeba0)
search res: -2

bb_opendir(path="/", fi=0x9ebfcb90)
    fi:
    flags = 0x00018800
    fh_old = 0x00000000
    writepage = 0
    direct_io = 0
    keep_cache = 0
    fh = 0x0000000000000000
    lock_owner = 0x0000000000000000

bb_getattr(path="/", statbuf=0x9f3fdb70)
search res: 0
    si:
    st_dev = 0
    st_ino = 0
    st_mode = 040000
    st_nlink = 0
    st_uid = 0
    st_gid = 0
    st_rdev = 0
    st_size = 0
    st_blksize = 0
    st_blocks = 0
    st_atime = 0x00000000
    st_mtime = 0x00000000
    st_ctime = 0x00000000
    fi:
    flags = 0x00000000
    fh_old = 0x00000000
    writepage = 0
    direct_io = 0
    keep_cache = 0
    fh = 0x0000000000000000
    lock_owner = 0x0000000000000000

bb_getattr(path="/a", statbuf=0x9ebfcba0)
search res: 0
    si:
    st_dev = 0
    st_ino = 1
    st_mode = 040000
    st_nlink = 0
    st_uid = 0
    st_gid = 0
    st_rdev = 0
    st_size = 0
    st_blksize = 0
    st_blocks = 0
    st_atime = 0x00000000
    st_mtime = 0x00000000
    st_ctime = 0x00000000

bb_getattr(path="/.gitignore", statbuf=0x9f3fdba0)
search res: -2

bb_getattr(path="/a/.git", statbuf=0x9fbfeba0)
search res: -2

bb_getattr(path="/a/.git", statbuf=0x9ebfcba0)
search res: -2

bb_opendir(path="/a", fi=0x9f3fdb90)
    fi:
    flags = 0x00018800
    fh_old = 0x00000000
    writepage = 0
    direct_io = 0
    keep_cache = 0
    fh = 0x0000000000000001
    lock_owner = 0x0000000000000000
    fi:
    flags = 0x00000000
    fh_old = 0x00000001
    writepage = 0
    direct_io = 0
    keep_cache = 0
    fh = 0x0000000000000001
    lock_owner = 0x0000000000000000

bb_getattr(path="/a/b", statbuf=0x9ebfcba0)
search res: 0
    si:
    st_dev = 0
    st_ino = 3
    st_mode = 040000
    st_nlink = 0
    st_uid = 0
    st_gid = 0
    st_rdev = 0
    st_size = 0
    st_blksize = 0
    st_blocks = 0
    st_atime = 0x00000000
    st_mtime = 0x00000000
    st_ctime = 0x00000000

bb_getattr(path="/a/.gitignore", statbuf=0x9f3fdba0)
search res: -2

bb_getattr(path="/a/b/.git", statbuf=0x9fbfeba0)
search res: -2

bb_getattr(path="/a/b/.git", statbuf=0x9ebfcba0)
search res: -2

bb_opendir(path="/a/b", fi=0x9f3fdb90)
    fi:
    flags = 0x00018800
    fh_old = 0x00000000
    writepage = 0
    direct_io = 0
    keep_cache = 0
    fh = 0x0000000000000003
    lock_owner = 0x0000000000000000
    fi:
    flags = 0x00000000
    fh_old = 0x00000003
    writepage = 0
    direct_io = 0
    keep_cache = 0
    fh = 0x0000000000000003
    lock_owner = 0x0000000000000000

bb_getattr(path="/b", statbuf=0x9ebfcba0)
search res: 0
    si:
    st_dev = 0
    st_ino = 2
    st_mode = 040000
    st_nlink = 0
    st_uid = 0
    st_gid = 0
    st_rdev = 0
    st_size = 0
    st_blksize = 0
    st_blocks = 0
    st_atime = 0x00000000
    st_mtime = 0x00000000
    st_ctime = 0x00000000

bb_getattr(path="/b/.git", statbuf=0x9f3fdba0)
search res: -2

bb_getattr(path="/b/.git", statbuf=0x9fbfeba0)
search res: -2

bb_opendir(path="/b", fi=0x9ebfcb90)
    fi:
    flags = 0x00018800
    fh_old = 0x00000000
    writepage = 0
    direct_io = 0
    keep_cache = 0
    fh = 0x0000000000000002
    lock_owner = 0x0000000000000000
    fi:
    flags = 0x00000000
    fh_old = 0x00000002
    writepage = 0
    direct_io = 0
    keep_cache = 0
    fh = 0x0000000000000002
    lock_owner = 0x0000000000000000

bb_getattr(path="/.git", statbuf=0x9ebfcba0)
search res: -2

bb_getattr(path="/.git", statbuf=0x9fbfeba0)
search res: -2

bb_opendir(path="/", fi=0x9f3fdb90)
    fi:
    flags = 0x00018800
    fh_old = 0x00000000
    writepage = 0
    direct_io = 0
    keep_cache = 0
    fh = 0x0000000000000000
    lock_owner = 0x0000000000000000

bb_getattr(path="/", statbuf=0x9ebfcb70)
search res: 0
    si:
    st_dev = 0
    st_ino = 0
    st_mode = 040000
    st_nlink = 0
    st_uid = 0
    st_gid = 0
    st_rdev = 0
    st_size = 0
    st_blksize = 0
    st_blocks = 0
    st_atime = 0x00000000
    st_mtime = 0x00000000
    st_ctime = 0x00000000
    fi:
    flags = 0x00000000
    fh_old = 0x00000000
    writepage = 0
    direct_io = 0
    keep_cache = 0
    fh = 0x0000000000000000
    lock_owner = 0x0000000000000000

bb_getattr(path="/a", statbuf=0x9f3fdba0)
search res: 0
    si:
    st_dev = 0
    st_ino = 1
    st_mode = 040000
    st_nlink = 0
    st_uid = 0
    st_gid = 0
    st_rdev = 0
    st_size = 0
    st_blksize = 0
    st_blocks = 0
    st_atime = 0x00000000
    st_mtime = 0x00000000
    st_ctime = 0x00000000

bb_getattr(path="/.gitignore", statbuf=0x9ebfcba0)
search res: -2

bb_getattr(path="/a/.git", statbuf=0x9fbfeba0)
search res: -2

bb_getattr(path="/a/.git", statbuf=0x9f3fdba0)
search res: -2

bb_opendir(path="/a", fi=0x9ebfcb90)
    fi:
    flags = 0x00018800
    fh_old = 0x00000000
    writepage = 0
    direct_io = 0
    keep_cache = 0
    fh = 0x0000000000000001
    lock_owner = 0x0000000000000000
    fi:
    flags = 0x00000000
    fh_old = 0x00000001
    writepage = 0
    direct_io = 0
    keep_cache = 0
    fh = 0x0000000000000001
    lock_owner = 0x0000000000000000

bb_getattr(path="/a/b", statbuf=0x9f3fdba0)
search res: 0
    si:
    st_dev = 0
    st_ino = 3
    st_mode = 040000
    st_nlink = 0
    st_uid = 0
    st_gid = 0
    st_rdev = 0
    st_size = 0
    st_blksize = 0
    st_blocks = 0
    st_atime = 0x00000000
    st_mtime = 0x00000000
    st_ctime = 0x00000000

bb_getattr(path="/a/.gitignore", statbuf=0x9ebfcba0)
search res: -2

bb_getattr(path="/a/b/.git", statbuf=0x9fbfeba0)
search res: -2

bb_getattr(path="/a/b/.git", statbuf=0x9f3fdba0)
search res: -2

bb_opendir(path="/a/b", fi=0x9ebfcb90)
    fi:
    flags = 0x00018800
    fh_old = 0x00000000
    writepage = 0
    direct_io = 0
    keep_cache = 0
    fh = 0x0000000000000003
    lock_owner = 0x0000000000000000
    fi:
    flags = 0x00000000
    fh_old = 0x00000003
    writepage = 0
    direct_io = 0
    keep_cache = 0
    fh = 0x0000000000000003
    lock_owner = 0x0000000000000000

bb_getattr(path="/b", statbuf=0x9fbfeba0)
search res: 0
    si:
    st_dev = 0
    st_ino = 2
    st_mode = 040000
    st_nlink = 0
    st_uid = 0
    st_gid = 0
    st_rdev = 0
    st_size = 0
    st_blksize = 0
    st_blocks = 0
    st_atime = 0x00000000
    st_mtime = 0x00000000
    st_ctime = 0x00000000

bb_getattr(path="/b/.git", statbuf=0x9ebfcba0)
search res: -2

bb_getattr(path="/b/.git", statbuf=0x9f3fdba0)
search res: -2

bb_opendir(path="/b", fi=0x9fbfeb90)
    fi:
    flags = 0x00018800
    fh_old = 0x00000000
    writepage = 0
    direct_io = 0
    keep_cache = 0
    fh = 0x0000000000000002
    lock_owner = 0x0000000000000000
    fi:
    flags = 0x00000000
    fh_old = 0x00000002
    writepage = 0
    direct_io = 0
    keep_cache = 0
    fh = 0x0000000000000002
    lock_owner = 0x0000000000000000

bb_getattr(path="/.git", statbuf=0x9fbfeba0)
search res: -2

bb_getattr(path="/.git", statbuf=0x9f3fdba0)
search res: -2

bb_opendir(path="/", fi=0x9ebfcb90)
    fi:
    flags = 0x00018800
    fh_old = 0x00000000
    writepage = 0
    direct_io = 0
    keep_cache = 0
    fh = 0x0000000000000000
    lock_owner = 0x0000000000000000

bb_getattr(path="/", statbuf=0x9fbfeb70)
search res: 0
    si:
    st_dev = 0
    st_ino = 0
    st_mode = 040000
    st_nlink = 0
    st_uid = 0
    st_gid = 0
    st_rdev = 0
    st_size = 0
    st_blksize = 0
    st_blocks = 0
    st_atime = 0x00000000
    st_mtime = 0x00000000
    st_ctime = 0x00000000
    fi:
    flags = 0x00000000
    fh_old = 0x00000000
    writepage = 0
    direct_io = 0
    keep_cache = 0
    fh = 0x0000000000000000
    lock_owner = 0x0000000000000000

bb_getattr(path="/a", statbuf=0x9ebfcba0)
search res: 0
    si:
    st_dev = 0
    st_ino = 1
    st_mode = 040000
    st_nlink = 0
    st_uid = 0
    st_gid = 0
    st_rdev = 0
    st_size = 0
    st_blksize = 0
    st_blocks = 0
    st_atime = 0x00000000
    st_mtime = 0x00000000
    st_ctime = 0x00000000

bb_getattr(path="/.gitignore", statbuf=0x9fbfeba0)
search res: -2

bb_getattr(path="/a/.git", statbuf=0x9f3fdba0)
search res: -2

bb_getattr(path="/a/.git", statbuf=0x9ebfcba0)
search res: -2

bb_opendir(path="/a", fi=0x9fbfeb90)
    fi:
    flags = 0x00018800
    fh_old = 0x00000000
    writepage = 0
    direct_io = 0
    keep_cache = 0
    fh = 0x0000000000000001
    lock_owner = 0x0000000000000000
    fi:
    flags = 0x00000000
    fh_old = 0x00000001
    writepage = 0
    direct_io = 0
    keep_cache = 0
    fh = 0x0000000000000001
    lock_owner = 0x0000000000000000

bb_getattr(path="/a/b", statbuf=0x9ebfcba0)
search res: 0
    si:
    st_dev = 0
    st_ino = 3
    st_mode = 040000
    st_nlink = 0
    st_uid = 0
    st_gid = 0
    st_rdev = 0
    st_size = 0
    st_blksize = 0
    st_blocks = 0
    st_atime = 0x00000000
    st_mtime = 0x00000000
    st_ctime = 0x00000000

bb_getattr(path="/a/.gitignore", statbuf=0x9fbfeba0)
search res: -2

bb_getattr(path="/a/b/.git", statbuf=0x9f3fdba0)
search res: -2

bb_getattr(path="/a/b/.git", statbuf=0x9ebfcba0)
search res: -2

bb_opendir(path="/a/b", fi=0x9fbfeb90)
    fi:
    flags = 0x00018800
    fh_old = 0x00000000
    writepage = 0
    direct_io = 0
    keep_cache = 0
    fh = 0x0000000000000003
    lock_owner = 0x0000000000000000
    fi:
    flags = 0x00000000
    fh_old = 0x00000003
    writepage = 0
    direct_io = 0
    keep_cache = 0
    fh = 0x0000000000000003
    lock_owner = 0x0000000000000000

bb_getattr(path="/b", statbuf=0x9fbfeba0)
search res: 0
    si:
    st_dev = 0
    st_ino = 2
    st_mode = 040000
    st_nlink = 0
    st_uid = 0
    st_gid = 0
    st_rdev = 0
    st_size = 0
    st_blksize = 0
    st_blocks = 0
    st_atime = 0x00000000
    st_mtime = 0x00000000
    st_ctime = 0x00000000

bb_getattr(path="/b/.git", statbuf=0x9f3fdba0)
search res: -2

bb_getattr(path="/b/.git", statbuf=0x9ebfcba0)
search res: -2

bb_opendir(path="/b", fi=0x9fbfeb90)
    fi:
    flags = 0x00018800
    fh_old = 0x00000000
    writepage = 0
    direct_io = 0
    keep_cache = 0
    fh = 0x0000000000000002
    lock_owner = 0x0000000000000000
    fi:
    flags = 0x00000000
    fh_old = 0x00000002
    writepage = 0
    direct_io = 0
    keep_cache = 0
    fh = 0x0000000000000002
    lock_owner = 0x0000000000000000

bb_getattr(path="/.git", statbuf=0x9fbfeba0)
search res: -2

bb_getattr(path="/.git", statbuf=0x9ebfcba0)
search res: -2

bb_opendir(path="/", fi=0x9f3fdb90)
    fi:
    flags = 0x00018800
    fh_old = 0x00000000
    writepage = 0
    direct_io = 0
    keep_cache = 0
    fh = 0x0000000000000000
    lock_owner = 0x0000000000000000

bb_getattr(path="/", statbuf=0x9fbfeb70)
search res: 0
    si:
    st_dev = 0
    st_ino = 0
    st_mode = 040000
    st_nlink = 0
    st_uid = 0
    st_gid = 0
    st_rdev = 0
    st_size = 0
    st_blksize = 0
    st_blocks = 0
    st_atime = 0x00000000
    st_mtime = 0x00000000
    st_ctime = 0x00000000
    fi:
    flags = 0x00000000
    fh_old = 0x00000000
    writepage = 0
    direct_io = 0
    keep_cache = 0
    fh = 0x0000000000000000
    lock_owner = 0x0000000000000000

bb_getattr(path="/a", statbuf=0x9f3fdba0)
search res: 0
    si:
    st_dev = 0
    st_ino = 1
    st_mode = 040000
    st_nlink = 0
    st_uid = 0
    st_gid = 0
    st_rdev = 0
    st_size = 0
    st_blksize = 0
    st_blocks = 0
    st_atime = 0x00000000
    st_mtime = 0x00000000
    st_ctime = 0x00000000

bb_getattr(path="/.gitignore", statbuf=0x9fbfeba0)
search res: -2

bb_getattr(path="/a/.git", statbuf=0x9ebfcba0)
search res: -2

bb_getattr(path="/a/.git", statbuf=0x9f3fdba0)
search res: -2

bb_opendir(path="/a", fi=0x9fbfeb90)
    fi:
    flags = 0x00018800
    fh_old = 0x00000000
    writepage = 0
    direct_io = 0
    keep_cache = 0
    fh = 0x0000000000000001
    lock_owner = 0x0000000000000000
    fi:
    flags = 0x00000000
    fh_old = 0x00000001
    writepage = 0
    direct_io = 0
    keep_cache = 0
    fh = 0x0000000000000001
    lock_owner = 0x0000000000000000

bb_getattr(path="/a/b", statbuf=0x9f3fdba0)
search res: 0
    si:
    st_dev = 0
    st_ino = 3
    st_mode = 040000
    st_nlink = 0
    st_uid = 0
    st_gid = 0
    st_rdev = 0
    st_size = 0
    st_blksize = 0
    st_blocks = 0
    st_atime = 0x00000000
    st_mtime = 0x00000000
    st_ctime = 0x00000000

bb_getattr(path="/a/.gitignore", statbuf=0x9fbfeba0)
search res: -2

bb_getattr(path="/a/b/.git", statbuf=0x9ebfcba0)
search res: -2

bb_getattr(path="/a/b/.git", statbuf=0x9f3fdba0)
search res: -2

bb_opendir(path="/a/b", fi=0x9fbfeb90)
    fi:
    flags = 0x00018800
    fh_old = 0x00000000
    writepage = 0
    direct_io = 0
    keep_cache = 0
    fh = 0x0000000000000003
    lock_owner = 0x0000000000000000
    fi:
    flags = 0x00000000
    fh_old = 0x00000003
    writepage = 0
    direct_io = 0
    keep_cache = 0
    fh = 0x0000000000000003
    lock_owner = 0x0000000000000000

bb_getattr(path="/b", statbuf=0x9f3fdba0)
search res: 0
    si:
    st_dev = 0
    st_ino = 2
    st_mode = 040000
    st_nlink = 0
    st_uid = 0
    st_gid = 0
    st_rdev = 0
    st_size = 0
    st_blksize = 0
    st_blocks = 0
    st_atime = 0x00000000
    st_mtime = 0x00000000
    st_ctime = 0x00000000

bb_getattr(path="/b/.git", statbuf=0x9fbfeba0)
search res: -2

bb_getattr(path="/b/.git", statbuf=0x9ebfcba0)
search res: -2

bb_opendir(path="/b", fi=0x9f3fdb90)
    fi:
    flags = 0x00018800
    fh_old = 0x00000000
    writepage = 0
    direct_io = 0
    keep_cache = 0
    fh = 0x0000000000000002
    lock_owner = 0x0000000000000000
    fi:
    flags = 0x00000000
    fh_old = 0x00000002
    writepage = 0
    direct_io = 0
    keep_cache = 0
    fh = 0x0000000000000002
    lock_owner = 0x0000000000000000

bb_getattr(path="/.git", statbuf=0x9f3fdba0)
search res: -2

bb_getattr(path="/.git", statbuf=0x9ebfcba0)
search res: -2

bb_opendir(path="/", fi=0x9fbfeb90)
    fi:
    flags = 0x00018800
    fh_old = 0x00000000
    writepage = 0
    direct_io = 0
    keep_cache = 0
    fh = 0x0000000000000000
    lock_owner = 0x0000000000000000

bb_getattr(path="/", statbuf=0x9f3fdb70)
search res: 0
    si:
    st_dev = 0
    st_ino = 0
    st_mode = 040000
    st_nlink = 0
    st_uid = 0
    st_gid = 0
    st_rdev = 0
    st_size = 0
    st_blksize = 0
    st_blocks = 0
    st_atime = 0x00000000
    st_mtime = 0x00000000
    st_ctime = 0x00000000
    fi:
    flags = 0x00000000
    fh_old = 0x00000000
    writepage = 0
    direct_io = 0
    keep_cache = 0
    fh = 0x0000000000000000
    lock_owner = 0x0000000000000000

bb_getattr(path="/a", statbuf=0x9fbfeba0)
search res: 0
    si:
    st_dev = 0
    st_ino = 1
    st_mode = 040000
    st_nlink = 0
    st_uid = 0
    st_gid = 0
    st_rdev = 0
    st_size = 0
    st_blksize = 0
    st_blocks = 0
    st_atime = 0x00000000
    st_mtime = 0x00000000
    st_ctime = 0x00000000

bb_getattr(path="/.gitignore", statbuf=0x9f3fdba0)
search res: -2

bb_getattr(path="/a/.git", statbuf=0x9ebfcba0)
search res: -2

bb_getattr(path="/a/.git", statbuf=0x9fbfeba0)
search res: -2

bb_opendir(path="/a", fi=0x9f3fdb90)
    fi:
    flags = 0x00018800
    fh_old = 0x00000000
    writepage = 0
    direct_io = 0
    keep_cache = 0
    fh = 0x0000000000000001
    lock_owner = 0x0000000000000000
    fi:
    flags = 0x00000000
    fh_old = 0x00000001
    writepage = 0
    direct_io = 0
    keep_cache = 0
    fh = 0x0000000000000001
    lock_owner = 0x0000000000000000

bb_getattr(path="/a/b", statbuf=0x9fbfeba0)
search res: 0
    si:
    st_dev = 0
    st_ino = 3
    st_mode = 040000
    st_nlink = 0
    st_uid = 0
    st_gid = 0
    st_rdev = 0
    st_size = 0
    st_blksize = 0
    st_blocks = 0
    st_atime = 0x00000000
    st_mtime = 0x00000000
    st_ctime = 0x00000000

bb_getattr(path="/a/.gitignore", statbuf=0x9f3fdba0)
search res: -2

bb_getattr(path="/a/b/.git", statbuf=0x9ebfcba0)
search res: -2

bb_getattr(path="/a/b/.git", statbuf=0x9fbfeba0)
search res: -2

bb_opendir(path="/a/b", fi=0x9f3fdb90)
    fi:
    flags = 0x00018800
    fh_old = 0x00000000
    writepage = 0
    direct_io = 0
    keep_cache = 0
    fh = 0x0000000000000003
    lock_owner = 0x0000000000000000
    fi:
    flags = 0x00000000
    fh_old = 0x00000003
    writepage = 0
    direct_io = 0
    keep_cache = 0
    fh = 0x0000000000000003
    lock_owner = 0x0000000000000000

bb_getattr(path="/b", statbuf=0x9fbfeba0)
search res: 0
    si:
    st_dev = 0
    st_ino = 2
    st_mode = 040000
    st_nlink = 0
    st_uid = 0
    st_gid = 0
    st_rdev = 0
    st_size = 0
    st_blksize = 0
    st_blocks = 0
    st_atime = 0x00000000
    st_mtime = 0x00000000
    st_ctime = 0x00000000

bb_getattr(path="/b/.git", statbuf=0x9f3fdba0)
search res: -2

bb_getattr(path="/b/.git", statbuf=0x9ebfcba0)
search res: -2

bb_opendir(path="/b", fi=0x9fbfeb90)
    fi:
    flags = 0x00018800
    fh_old = 0x00000000
    writepage = 0
    direct_io = 0
    keep_cache = 0
    fh = 0x0000000000000002
    lock_owner = 0x0000000000000000
    fi:
    flags = 0x00000000
    fh_old = 0x00000002
    writepage = 0
    direct_io = 0
    keep_cache = 0
    fh = 0x0000000000000002
    lock_owner = 0x0000000000000000

bb_getattr(path="/.git", statbuf=0x9fbfeba0)
search res: -2

bb_getattr(path="/.git", statbuf=0x9ebfcba0)
search res: -2

bb_opendir(path="/", fi=0x9f3fdb90)
    fi:
    flags = 0x00018800
    fh_old = 0x00000000
    writepage = 0
    direct_io = 0
    keep_cache = 0
    fh = 0x0000000000000000
    lock_owner = 0x0000000000000000

bb_getattr(path="/", statbuf=0x9fbfeb70)
search res: 0
    si:
    st_dev = 0
    st_ino = 0
    st_mode = 040000
    st_nlink = 0
    st_uid = 0
    st_gid = 0
    st_rdev = 0
    st_size = 0
    st_blksize = 0
    st_blocks = 0
    st_atime = 0x00000000
    st_mtime = 0x00000000
    st_ctime = 0x00000000
    fi:
    flags = 0x00000000
    fh_old = 0x00000000
    writepage = 0
    direct_io = 0
    keep_cache = 0
    fh = 0x0000000000000000
    lock_owner = 0x0000000000000000

bb_getattr(path="/a", statbuf=0x9f3fdba0)
search res: 0
    si:
    st_dev = 0
    st_ino = 1
    st_mode = 040000
    st_nlink = 0
    st_uid = 0
    st_gid = 0
    st_rdev = 0
    st_size = 0
    st_blksize = 0
    st_blocks = 0
    st_atime = 0x00000000
    st_mtime = 0x00000000
    st_ctime = 0x00000000

bb_getattr(path="/.gitignore", statbuf=0x9fbfeba0)
search res: -2

bb_getattr(path="/a/.git", statbuf=0x9ebfcba0)
search res: -2

bb_getattr(path="/a/.git", statbuf=0x9f3fdba0)
search res: -2

bb_opendir(path="/a", fi=0x9fbfeb90)
    fi:
    flags = 0x00018800
    fh_old = 0x00000000
    writepage = 0
    direct_io = 0
    keep_cache = 0
    fh = 0x0000000000000001
    lock_owner = 0x0000000000000000
    fi:
    flags = 0x00000000
    fh_old = 0x00000001
    writepage = 0
    direct_io = 0
    keep_cache = 0
    fh = 0x0000000000000001
    lock_owner = 0x0000000000000000

bb_getattr(path="/a/b", statbuf=0x9f3fdba0)
search res: 0
    si:
    st_dev = 0
    st_ino = 3
    st_mode = 040000
    st_nlink = 0
    st_uid = 0
    st_gid = 0
    st_rdev = 0
    st_size = 0
    st_blksize = 0
    st_blocks = 0
    st_atime = 0x00000000
    st_mtime = 0x00000000
    st_ctime = 0x00000000

bb_getattr(path="/a/.gitignore", statbuf=0x9fbfeba0)
search res: -2

bb_getattr(path="/a/b/.git", statbuf=0x9ebfcba0)
search res: -2

bb_getattr(path="/a/b/.git", statbuf=0x9f3fdba0)
search res: -2

bb_opendir(path="/a/b", fi=0x9fbfeb90)
    fi:
    flags = 0x00018800
    fh_old = 0x00000000
    writepage = 0
    direct_io = 0
    keep_cache = 0
    fh = 0x0000000000000003
    lock_owner = 0x0000000000000000
    fi:
    flags = 0x00000000
    fh_old = 0x00000003
    writepage = 0
    direct_io = 0
    keep_cache = 0
    fh = 0x0000000000000003
    lock_owner = 0x0000000000000000

bb_getattr(path="/b", statbuf=0x9ebfcba0)
search res: 0
    si:
    st_dev = 0
    st_ino = 2
    st_mode = 040000
    st_nlink = 0
    st_uid = 0
    st_gid = 0
    st_rdev = 0
    st_size = 0
    st_blksize = 0
    st_blocks = 0
    st_atime = 0x00000000
    st_mtime = 0x00000000
    st_ctime = 0x00000000

bb_getattr(path="/b/.git", statbuf=0x9fbfeba0)
search res: -2

bb_getattr(path="/b/.git", statbuf=0x9f3fdba0)
search res: -2

bb_opendir(path="/b", fi=0x9ebfcb90)
    fi:
    flags = 0x00018800
    fh_old = 0x00000000
    writepage = 0
    direct_io = 0
    keep_cache = 0
    fh = 0x0000000000000002
    lock_owner = 0x0000000000000000
    fi:
    flags = 0x00000000
    fh_old = 0x00000002
    writepage = 0
    direct_io = 0
    keep_cache = 0
    fh = 0x0000000000000002
    lock_owner = 0x0000000000000000

bb_getattr(path="/.git", statbuf=0x9ebfcba0)
search res: -2

bb_getattr(path="/.git", statbuf=0x9f3fdba0)
search res: -2

bb_opendir(path="/", fi=0x9fbfeb90)
    fi:
    flags = 0x00018800
    fh_old = 0x00000000
    writepage = 0
    direct_io = 0
    keep_cache = 0
    fh = 0x0000000000000000
    lock_owner = 0x0000000000000000

bb_getattr(path="/", statbuf=0x9ebfcb70)
search res: 0
    si:
    st_dev = 0
    st_ino = 0
    st_mode = 040000
    st_nlink = 0
    st_uid = 0
    st_gid = 0
    st_rdev = 0
    st_size = 0
    st_blksize = 0
    st_blocks = 0
    st_atime = 0x00000000
    st_mtime = 0x00000000
    st_ctime = 0x00000000
    fi:
    flags = 0x00000000
    fh_old = 0x00000000
    writepage = 0
    direct_io = 0
    keep_cache = 0
    fh = 0x0000000000000000
    lock_owner = 0x0000000000000000

bb_getattr(path="/a", statbuf=0x9fbfeba0)
search res: 0
    si:
    st_dev = 0
    st_ino = 1
    st_mode = 040000
    st_nlink = 0
    st_uid = 0
    st_gid = 0
    st_rdev = 0
    st_size = 0
    st_blksize = 0
    st_blocks = 0
    st_atime = 0x00000000
    st_mtime = 0x00000000
    st_ctime = 0x00000000

bb_getattr(path="/.gitignore", statbuf=0x9ebfcba0)
search res: -2

bb_getattr(path="/a/.git", statbuf=0x9f3fdba0)
search res: -2

bb_getattr(path="/a/.git", statbuf=0x9fbfeba0)
search res: -2

bb_opendir(path="/a", fi=0x9ebfcb90)
    fi:
    flags = 0x00018800
    fh_old = 0x00000000
    writepage = 0
    direct_io = 0
    keep_cache = 0
    fh = 0x0000000000000001
    lock_owner = 0x0000000000000000
    fi:
    flags = 0x00000000
    fh_old = 0x00000001
    writepage = 0
    direct_io = 0
    keep_cache = 0
    fh = 0x0000000000000001
    lock_owner = 0x0000000000000000

bb_getattr(path="/a/b", statbuf=0x9fbfeba0)
search res: 0
    si:
    st_dev = 0
    st_ino = 3
    st_mode = 040000
    st_nlink = 0
    st_uid = 0
    st_gid = 0
    st_rdev = 0
    st_size = 0
    st_blksize = 0
    st_blocks = 0
    st_atime = 0x00000000
    st_mtime = 0x00000000
    st_ctime = 0x00000000

bb_getattr(path="/a/.gitignore", statbuf=0x9ebfcba0)
search res: -2

bb_getattr(path="/a/b/.git", statbuf=0x9f3fdba0)
search res: -2

bb_getattr(path="/a/b/.git", statbuf=0x9fbfeba0)
search res: -2

bb_opendir(path="/a/b", fi=0x9ebfcb90)
    fi:
    flags = 0x00018800
    fh_old = 0x00000000
    writepage = 0
    direct_io = 0
    keep_cache = 0
    fh = 0x0000000000000003
    lock_owner = 0x0000000000000000
    fi:
    flags = 0x00000000
    fh_old = 0x00000003
    writepage = 0
    direct_io = 0
    keep_cache = 0
    fh = 0x0000000000000003
    lock_owner = 0x0000000000000000

bb_getattr(path="/b", statbuf=0x9fbfeba0)
search res: 0
    si:
    st_dev = 0
    st_ino = 2
    st_mode = 040000
    st_nlink = 0
    st_uid = 0
    st_gid = 0
    st_rdev = 0
    st_size = 0
    st_blksize = 0
    st_blocks = 0
    st_atime = 0x00000000
    st_mtime = 0x00000000
    st_ctime = 0x00000000

bb_getattr(path="/b/.git", statbuf=0x9ebfcba0)
search res: -2

bb_getattr(path="/b/.git", statbuf=0x9f3fdba0)
search res: -2

bb_opendir(path="/b", fi=0x9fbfeb90)
    fi:
    flags = 0x00018800
    fh_old = 0x00000000
    writepage = 0
    direct_io = 0
    keep_cache = 0
    fh = 0x0000000000000002
    lock_owner = 0x0000000000000000
    fi:
    flags = 0x00000000
    fh_old = 0x00000002
    writepage = 0
    direct_io = 0
    keep_cache = 0
    fh = 0x0000000000000002
    lock_owner = 0x0000000000000000

bb_getattr(path="/.git", statbuf=0x9fbfeba0)
search res: -2

bb_getattr(path="/.git", statbuf=0x9f3fdba0)
search res: -2

bb_opendir(path="/", fi=0x9ebfcb90)
    fi:
    flags = 0x00018800
    fh_old = 0x00000000
    writepage = 0
    direct_io = 0
    keep_cache = 0
    fh = 0x0000000000000000
    lock_owner = 0x0000000000000000

bb_getattr(path="/", statbuf=0x9fbfeb70)
search res: 0
    si:
    st_dev = 0
    st_ino = 0
    st_mode = 040000
    st_nlink = 0
    st_uid = 0
    st_gid = 0
    st_rdev = 0
    st_size = 0
    st_blksize = 0
    st_blocks = 0
    st_atime = 0x00000000
    st_mtime = 0x00000000
    st_ctime = 0x00000000
    fi:
    flags = 0x00000000
    fh_old = 0x00000000
    writepage = 0
    direct_io = 0
    keep_cache = 0
    fh = 0x0000000000000000
    lock_owner = 0x0000000000000000

bb_getattr(path="/a", statbuf=0x9ebfcba0)
search res: 0
    si:
    st_dev = 0
    st_ino = 1
    st_mode = 040000
    st_nlink = 0
    st_uid = 0
    st_gid = 0
    st_rdev = 0
    st_size = 0
    st_blksize = 0
    st_blocks = 0
    st_atime = 0x00000000
    st_mtime = 0x00000000
    st_ctime = 0x00000000

bb_getattr(path="/.gitignore", statbuf=0x9fbfeba0)
search res: -2

bb_getattr(path="/a/.git", statbuf=0x9f3fdba0)
search res: -2

bb_getattr(path="/a/.git", statbuf=0x9ebfcba0)
search res: -2

bb_opendir(path="/a", fi=0x9fbfeb90)
    fi:
    flags = 0x00018800
    fh_old = 0x00000000
    writepage = 0
    direct_io = 0
    keep_cache = 0
    fh = 0x0000000000000001
    lock_owner = 0x0000000000000000
    fi:
    flags = 0x00000000
    fh_old = 0x00000001
    writepage = 0
    direct_io = 0
    keep_cache = 0
    fh = 0x0000000000000001
    lock_owner = 0x0000000000000000

bb_getattr(path="/a/b", statbuf=0x9ebfcba0)
search res: 0
    si:
    st_dev = 0
    st_ino = 3
    st_mode = 040000
    st_nlink = 0
    st_uid = 0
    st_gid = 0
    st_rdev = 0
    st_size = 0
    st_blksize = 0
    st_blocks = 0
    st_atime = 0x00000000
    st_mtime = 0x00000000
    st_ctime = 0x00000000

bb_getattr(path="/a/.gitignore", statbuf=0x9fbfeba0)
search res: -2

bb_getattr(path="/a/b/.git", statbuf=0x9f3fdba0)
search res: -2

bb_getattr(path="/a/b/.git", statbuf=0x9ebfcba0)
search res: -2

bb_opendir(path="/a/b", fi=0x9fbfeb90)
    fi:
    flags = 0x00018800
    fh_old = 0x00000000
    writepage = 0
    direct_io = 0
    keep_cache = 0
    fh = 0x0000000000000003
    lock_owner = 0x0000000000000000
    fi:
    flags = 0x00000000
    fh_old = 0x00000003
    writepage = 0
    direct_io = 0
    keep_cache = 0
    fh = 0x0000000000000003
    lock_owner = 0x0000000000000000

bb_getattr(path="/b", statbuf=0x9fbfeba0)
search res: 0
    si:
    st_dev = 0
    st_ino = 2
    st_mode = 040000
    st_nlink = 0
    st_uid = 0
    st_gid = 0
    st_rdev = 0
    st_size = 0
    st_blksize = 0
    st_blocks = 0
    st_atime = 0x00000000
    st_mtime = 0x00000000
    st_ctime = 0x00000000

bb_getattr(path="/b/.git", statbuf=0x9ebfcba0)
search res: -2

bb_getattr(path="/b/.git", statbuf=0x9f3fdba0)
search res: -2

bb_opendir(path="/b", fi=0x9fbfeb90)
    fi:
    flags = 0x00018800
    fh_old = 0x00000000
    writepage = 0
    direct_io = 0
    keep_cache = 0
    fh = 0x0000000000000002
    lock_owner = 0x0000000000000000
    fi:
    flags = 0x00000000
    fh_old = 0x00000002
    writepage = 0
    direct_io = 0
    keep_cache = 0
    fh = 0x0000000000000002
    lock_owner = 0x0000000000000000
